<?xml version="1.0" encoding="UTF-8"?>
<!-- Generated by org.testng.reporters.JUnitXMLReporter -->
<testsuite ignored="1" hostname="DESKTOP-N995C3G" failures="0" tests="1" name="Default test" time="31.008" errors="0" timestamp="2023-05-14T23:47:43 IST">
  <testcase classname="testCasesSwiggy.HomeTestCaseSwiggy" name="validateSignInPresent" time="2.216"/>
  <testcase classname="testCasesSwiggy.HomeTestCaseSwiggy" name="validateSignInButton" time="0.0">
    <ignored/>
  </testcase> <!-- validateSignInButton -->
</testsuite> <!-- Default test -->
