<?xml version="1.0" encoding="UTF-8"?>
<testng-results skipped="0" failed="0" ignored="0" total="2" passed="2">
  <reporter-output>
  </reporter-output>
  <suite name="Suite" duration-ms="20094" started-at="2023-05-15T00:06:33 IST" finished-at="2023-05-15T00:06:53 IST">
    <groups>
    </groups>
    <test name="Test" duration-ms="20094" started-at="2023-05-15T00:06:33 IST" finished-at="2023-05-15T00:06:53 IST">
      <class name="testCasesSwiggy.HomeTestCaseSwiggy">
        <test-method status="PASS" signature="start()[pri:0, instance:testCasesSwiggy.HomeTestCaseSwiggy@6fc6f14e]" name="start" is-config="true" duration-ms="9420" started-at="2023-05-15T00:06:33 IST" finished-at="2023-05-15T00:06:42 IST">
          <reporter-output>
          </reporter-output>
        </test-method> <!-- start -->
        <test-method status="PASS" signature="validateSignInButton()[pri:0, instance:testCasesSwiggy.HomeTestCaseSwiggy@6fc6f14e]" name="validateSignInButton" duration-ms="1250" started-at="2023-05-15T00:06:42 IST" finished-at="2023-05-15T00:06:44 IST">
          <reporter-output>
          </reporter-output>
        </test-method> <!-- validateSignInButton -->
        <test-method status="PASS" signature="close()[pri:0, instance:testCasesSwiggy.HomeTestCaseSwiggy@6fc6f14e]" name="close" is-config="true" duration-ms="967" started-at="2023-05-15T00:06:44 IST" finished-at="2023-05-15T00:06:45 IST">
          <reporter-output>
          </reporter-output>
        </test-method> <!-- close -->
        <test-method status="PASS" signature="start()[pri:0, instance:testCasesSwiggy.HomeTestCaseSwiggy@6fc6f14e]" name="start" is-config="true" duration-ms="5290" started-at="2023-05-15T00:06:45 IST" finished-at="2023-05-15T00:06:50 IST">
          <reporter-output>
          </reporter-output>
        </test-method> <!-- start -->
        <test-method status="PASS" signature="validateSignInPresent()[pri:0, instance:testCasesSwiggy.HomeTestCaseSwiggy@6fc6f14e]" name="validateSignInPresent" duration-ms="2189" started-at="2023-05-15T00:06:50 IST" finished-at="2023-05-15T00:06:52 IST">
          <reporter-output>
          </reporter-output>
        </test-method> <!-- validateSignInPresent -->
        <test-method status="PASS" signature="close()[pri:0, instance:testCasesSwiggy.HomeTestCaseSwiggy@6fc6f14e]" name="close" is-config="true" duration-ms="910" started-at="2023-05-15T00:06:52 IST" finished-at="2023-05-15T00:06:53 IST">
          <reporter-output>
          </reporter-output>
        </test-method> <!-- close -->
      </class> <!-- testCasesSwiggy.HomeTestCaseSwiggy -->
    </test> <!-- Test -->
  </suite> <!-- Suite -->
</testng-results>
