<?xml version="1.0" encoding="UTF-8"?>
<testng-results ignored="1" total="2" passed="1" failed="0" skipped="0">
  <reporter-output>
  </reporter-output>
  <suite started-at="2023-05-14T23:47:12 IST" name="Default suite" finished-at="2023-05-14T23:47:43 IST" duration-ms="31008">
    <groups>
    </groups>
    <test started-at="2023-05-14T23:47:12 IST" name="Default test" finished-at="2023-05-14T23:47:43 IST" duration-ms="31008">
      <class name="testCasesSwiggy.HomeTestCaseSwiggy">
        <test-method is-config="true" signature="start()[pri:0, instance:testCasesSwiggy.HomeTestCaseSwiggy@73700b80]" started-at="2023-05-14T23:47:12 IST" name="start" finished-at="2023-05-14T23:47:40 IST" duration-ms="28220" status="PASS">
          <reporter-output>
          </reporter-output>
        </test-method> <!-- start -->
        <test-method signature="validateSignInPresent()[pri:0, instance:testCasesSwiggy.HomeTestCaseSwiggy@73700b80]" started-at="2023-05-14T23:47:40 IST" name="validateSignInPresent" finished-at="2023-05-14T23:47:42 IST" duration-ms="2216" status="PASS">
          <reporter-output>
          </reporter-output>
        </test-method> <!-- validateSignInPresent -->
        <test-method is-config="true" signature="close()[pri:0, instance:testCasesSwiggy.HomeTestCaseSwiggy@73700b80]" started-at="2023-05-14T23:47:42 IST" name="close" finished-at="2023-05-14T23:47:43 IST" duration-ms="528" status="PASS">
          <reporter-output>
          </reporter-output>
        </test-method> <!-- close -->
      </class> <!-- testCasesSwiggy.HomeTestCaseSwiggy -->
    </test> <!-- Default test -->
  </suite> <!-- Default suite -->
</testng-results>
